=== Global Citations from Research Agent ===
- Google ML Sales Forecasting Agent (arxiv:2506.15692)
- MLE-STAR: Machine Learning Engineering Agent via Search and Targeted Refinement
- Anton Lebedevich's Top 10% Kaggle Solution (glmnet + xgboost ensemble)
- Gert Jacobusse's 1st Place Winning Solution (multi-model xgboost ensemble)
- NVTabular for Rossmann Data Preprocessing and Feature Engineering

=== Raw Execution Output ===

Traceback (most recent call last):
  File "C:\Users\Mattis\Desktop\VSCode\AI agent\venv\Lib\site-packages\sklearn\utils\_encode.py", line 183, in _unique_python
    uniques = sorted(uniques_set)
TypeError: '<' not supported between instances of 'str' and 'int'

During handling of the above exception, another exception occurred:

Traceback (most recent call last):
  File "C:\Users\Mattis\Desktop\VSCode\AI agent\train_iter_2.py", line 250, in <module>
    train_model()
    ~~~~~~~~~~~^^
  File "C:\Users\Mattis\Desktop\VSCode\AI agent\train_iter_2.py", line 188, in train_model
    X, y = feature_engineering_pipeline(df)
           ~~~~~~~~~~~~~~~~~~~~~~~~~~~~^^^^
  File "C:\Users\Mattis\Desktop\VSCode\AI agent\train_iter_2.py", line 135, in feature_engineering_pipeline
    df = generate_store_features(df)
  File "C:\Users\Mattis\Desktop\VSCode\AI agent\train_iter_2.py", line 102, in generate_store_features
    df[col + '_Encoded'] = encoder.fit_transform(df[col].fillna('Unknown'))
                           ~~~~~~~~~~~~~~~~~~~~~^^^^^^^^^^^^^^^^^^^^^^^^^^^
  File "C:\Users\Mattis\Desktop\VSCode\AI agent\venv\Lib\site-packages\sklearn\preprocessing\_label.py", line 111, in fit_transform
    self.classes_, y = _unique(y, return_inverse=True)
                       ~~~~~~~^^^^^^^^^^^^^^^^^^^^^^^^
  File "C:\Users\Mattis\Desktop\VSCode\AI agent\venv\Lib\site-packages\sklearn\utils\_encode.py", line 52, in _unique
    return _unique_python(
        values, return_inverse=return_inverse, return_counts=return_counts
    )
  File "C:\Users\Mattis\Desktop\VSCode\AI agent\venv\Lib\site-packages\sklearn\utils\_encode.py", line 188, in _unique_python
    raise TypeError(
    ...<2 lines>...
    )
TypeError: Encoders require their input argument must be uniformly strings or numbers. Got ['int', 'str']
