=== Global Citations from Research Agent ===
- MLE-STAR: Machine Learning Engineering Agent via Search and Targeted Refinement(arxiv:2506.15692)
- NVTabular for Data Preprocessing and Feature Engineering
- Learnable Embeddings for Time Series Forecasting
- Kaggle Top 100 Solution: Feature Engineering with Aggregations and Fourier Features
- Mean Encoding Features for Categorical Variables
- Weighted Root Mean Squared Scaled Error (WRMSSE) Metric

=== Raw Execution Output ===
Loading and preprocessing data...

Traceback (most recent call last):
  File "C:\Users\Mattis\Desktop\VSCode\AI agent\venv\Lib\site-packages\pandas\core\frame.py", line 12714, in _reindex_for_setitem
    reindexed_value = value.reindex(index)._values
                      ~~~~~~~~~~~~~^^^^^^^
  File "C:\Users\Mattis\Desktop\VSCode\AI agent\venv\Lib\site-packages\pandas\core\series.py", line 5172, in reindex
    return super().reindex(
           ~~~~~~~~~~~~~~~^
        index=index,
        ^^^^^^^^^^^^
    ...<5 lines>...
        tolerance=tolerance,
        ^^^^^^^^^^^^^^^^^^^^
    )
    ^
  File "C:\Users\Mattis\Desktop\VSCode\AI agent\venv\Lib\site-packages\pandas\core\generic.py", line 5632, in reindex
    return self._reindex_axes(
           ~~~~~~~~~~~~~~~~~~^
        axes, level, limit, tolerance, method, fill_value, copy
        ^^^^^^^^^^^^^^^^^^^^^^^^^^^^^^^^^^^^^^^^^^^^^^^^^^^^^^^
    ).__finalize__(self, method="reindex")
    ^
  File "C:\Users\Mattis\Desktop\VSCode\AI agent\venv\Lib\site-packages\pandas\core\generic.py", line 5655, in _reindex_axes
    new_index, indexer = ax.reindex(
                         ~~~~~~~~~~^
        labels, level=level, limit=limit, tolerance=tolerance, method=method
        ^^^^^^^^^^^^^^^^^^^^^^^^^^^^^^^^^^^^^^^^^^^^^^^^^^^^^^^^^^^^^^^^^^^^
    )
    ^
  File "C:\Users\Mattis\Desktop\VSCode\AI agent\venv\Lib\site-packages\pandas\core\indexes\base.py", line 4440, in reindex
    target = self._wrap_reindex_result(target, indexer, preserve_names)
  File "C:\Users\Mattis\Desktop\VSCode\AI agent\venv\Lib\site-packages\pandas\core\indexes\multi.py", line 2736, in _wrap_reindex_result
    target = MultiIndex.from_tuples(target)
  File "C:\Users\Mattis\Desktop\VSCode\AI agent\venv\Lib\site-packages\pandas\core\indexes\multi.py", line 223, in new_meth
    return meth(self_or_cls, *args, **kwargs)
  File "C:\Users\Mattis\Desktop\VSCode\AI agent\venv\Lib\site-packages\pandas\core\indexes\multi.py", line 618, in from_tuples
    arrays = list(lib.tuples_to_object_array(tuples).T)
                  ~~~~~~~~~~~~~~~~~~~~~~~~~~^^^^^^^^
  File "pandas/_libs/lib.pyx", line 3056, in pandas._libs.lib.tuples_to_object_array
ValueError: Buffer dtype mismatch, expected 'Python object' but got 'long long'

The above exception was the direct cause of the following exception:

Traceback (most recent call last):
  File "C:\Users\Mattis\Desktop\VSCode\AI agent\train_iter_13.py", line 315, in <module>
    main()
    ~~~~^^
  File "C:\Users\Mattis\Desktop\VSCode\AI agent\train_iter_13.py", line 283, in main
    df = engineer_features(df)
  File "C:\Users\Mattis\Desktop\VSCode\AI agent\train_iter_13.py", line 119, in engineer_features
    df['promo_days_since_last'] = df.groupby('Store')['Promo'].apply(
    ~~^^^^^^^^^^^^^^^^^^^^^^^^^
  File "C:\Users\Mattis\Desktop\VSCode\AI agent\venv\Lib\site-packages\pandas\core\frame.py", line 4322, in __setitem__
    self._set_item(key, value)
    ~~~~~~~~~~~~~~^^^^^^^^^^^^
  File "C:\Users\Mattis\Desktop\VSCode\AI agent\venv\Lib\site-packages\pandas\core\frame.py", line 4535, in _set_item
    value, refs = self._sanitize_column(value)
                  ~~~~~~~~~~~~~~~~~~~~~^^^^^^^
  File "C:\Users\Mattis\Desktop\VSCode\AI agent\venv\Lib\site-packages\pandas\core\frame.py", line 5285, in _sanitize_column
    return _reindex_for_setitem(value, self.index)
  File "C:\Users\Mattis\Desktop\VSCode\AI agent\venv\Lib\site-packages\pandas\core\frame.py", line 12721, in _reindex_for_setitem
    raise TypeError(
        "incompatible index of inserted column with frame index"
    ) from err
TypeError: incompatible index of inserted column with frame index


========================================
=== [Planner Agent] Refinement Strategy ===
========================================
Status:    Failed
Component: feature engineering
Strategy:  Fix the 'promo_days_since_last' feature calculation by ensuring proper index alignment or use a simpler alternative like 'promo_rolling_window' features
Citation:  Kaggle Rossmann winner solutions emphasize robust feature engineering with proper pandas operations to avoid index mismatches
Reasoning: The error occurs during feature engineering when creating 'promo_days_since_last' using groupby operations. The ValueError indicates a buffer dtype mismatch when converting tuples to object arrays, suggesting incompatible indices between the grouped result and original dataframe. This is a common pandas issue when using groupby-apply operations. Instead of complex time-since calculations, we should implement simpler rolling window features for promo patterns that avoid index alignment problems.
========================================
